Base path: /Applications/Unity/Hub/Editor/2018.4.13f1/Unity.app/Contents
Cmd: initializeCompiler
Cmd: compileComputeKernel
  api=14 insize=2059 outsize=789 ok=1
Cmd: translateComputeKernel
  api=14 insize=1357 outsize=1453 ok=1
Cmd: translateComputeKernel
  api=14 insize=48469 outsize=85357 ok=1
Cmd: compileComputeKernel
  api=14 insize=10881 outsize=11297 ok=1
Cmd: translateComputeKernel
  api=14 insize=10553 outsize=18425 ok=1
Cmd: compileComputeKernel
  api=14 insize=4855 outsize=7329 ok=1
Cmd: translateComputeKernel
  api=14 insize=11249 outsize=18625 ok=1
Cmd: compileComputeKernel
  api=14 insize=18299 outsize=9721 ok=1
Cmd: compileComputeKernel
  api=14 insize=18299 outsize=9953 ok=1
Cmd: compileComputeKernel
  api=14 insize=18299 outsize=11489 ok=1
Cmd: translateComputeKernel
  api=14 insize=9721 outsize=16629 ok=1
Cmd: translateComputeKernel
  api=14 insize=11797 outsize=25505 ok=1
Cmd: compileComputeKernel
  api=14 insize=3072 outsize=793 ok=1
Cmd: translateComputeKernel
  api=14 insize=2129 outsize=3477 ok=1
Cmd: compileComputeKernel
  api=14 insize=1454 outsize=1193 ok=1
Cmd: compileComputeKernel
  api=14 insize=2044 outsize=1509 ok=1
Cmd: translateComputeKernel
  api=14 insize=1505 outsize=2273 ok=1

Quitting shader compiler process
